<?xml version="1.0" encoding="UTF-8"?>
<!-- Generated by org.testng.reporters.JUnitReportReporter -->
<testsuite hostname="DIN80011519" name="com.demo.my.First" tests="2" failures="0" timestamp="11 Dec 2019 11:58:48 GMT" time="28.047" errors="0">
  <testcase name="selectVegPizza" time="10.256" classname="com.demo.my.First"/>
  <testcase name="signIn" time="17.791" classname="com.demo.my.First"/>
</testsuite> <!-- com.demo.my.First -->
